<?xml version="1.0" encoding="utf-8"?><testsuites name="pytest tests"><testsuite name="pytest" errors="0" failures="0" skipped="1" tests="19" time="8.448" timestamp="2026-03-18T03:49:40.399763+00:00" hostname="agent-env-98767a67-bf4b-498f-8b65-9f0f900ef5c3"><testcase classname="backend.tests.test_new_features.TestAuthentication" name="test_admin_login_success" time="0.372" /><testcase classname="backend.tests.test_new_features.TestAuthentication" name="test_client_login_success" time="0.332" /><testcase classname="backend.tests.test_new_features.TestAttendanceAPI" name="test_attendance_api_requires_auth" time="0.114" /><testcase classname="backend.tests.test_new_features.TestAttendanceAPI" name="test_attendance_api_rejects_non_admin" time="0.431" /><testcase classname="backend.tests.test_new_features.TestAttendanceAPI" name="test_attendance_api_validates_status" time="0.435" /><testcase classname="backend.tests.test_new_features.TestAttendanceAPI" name="test_attendance_api_validates_booking_exists" time="0.457" /><testcase classname="backend.tests.test_new_features.TestAttendanceAPI" name="test_attendance_api_accepts_attended_status" time="0.507" /><testcase classname="backend.tests.test_new_features.TestAttendanceAPI" name="test_attendance_api_accepts_absent_status" time="0.433"><skipped type="pytest.skip" message="No confirmed booking found to test attendance">/app/backend/tests/test_new_features.py:151: No confirmed booking found to test attendance</skipped></testcase><testcase classname="backend.tests.test_new_features.TestPasswordChangeAPI" name="test_password_api_requires_auth" time="0.108" /><testcase classname="backend.tests.test_new_features.TestPasswordChangeAPI" name="test_password_api_rejects_non_admin" time="0.461" /><testcase classname="backend.tests.test_new_features.TestPasswordChangeAPI" name="test_password_api_validates_user_exists" time="0.439" /><testcase classname="backend.tests.test_new_features.TestPasswordChangeAPI" name="test_password_api_validates_minimum_length" time="0.509" /><testcase classname="backend.tests.test_new_features.TestPasswordChangeAPI" name="test_password_change_works" time="1.379" /><testcase classname="backend.tests.test_new_features.TestBookingHistory" name="test_client_can_get_bookings" time="0.438" /><testcase classname="backend.tests.test_new_features.TestBookingHistory" name="test_bookings_have_status_field" time="0.458" /><testcase classname="backend.tests.test_new_features.TestBookingHistory" name="test_bookings_have_required_fields" time="0.434" /><testcase classname="backend.tests.test_new_features.TestAdminEndpoints" name="test_admin_get_users" time="0.449" /><testcase classname="backend.tests.test_new_features.TestAdminEndpoints" name="test_admin_get_bookings" time="0.441" /><testcase classname="backend.tests.test_new_features.TestAPIRoot" name="test_api_root_returns_message" time="0.164" /></testsuite></testsuites>